<?xml version="1.0" encoding="UTF-8"?>
<!-- Generated by org.testng.reporters.JUnitXMLReporter -->
<testsuite ignored="6" hostname="TYSS-Mohammed-Riza-Washiq" failures="0" tests="7" name="Test" time="3.693" errors="0" timestamp="2024-11-15T17:34:11 IST">
  <testcase classname="com.ninza.hrm.project.AddProject" name="addProj" time="3.112"/>
  <testcase classname="com.ninza.hrm.project.AddDuplicateProj" name="addProj" time="0.126"/>
  <testcase classname="com.ninza.hrm.project.AddDuplicateProj" name="addDupProj" time="0.043"/>
  <testcase classname="com.ninza.hrm.employee.AddEmployee" name="addProj" time="0.047"/>
  <testcase classname="com.ninza.hrm.employee.AddEmployee" name="addEmployee" time="0.187"/>
  <testcase classname="com.ninza.hrm.employee.NoEmail" name="addProj" time="0.041"/>
  <testcase classname="com.ninza.hrm.employee.NoEmail" name="emptyEmail" time="0.037"/>
  <testcase classname="com.ninza.hrm.baseClass.BaseClass" name="@AfterSuite ConfigAS" time="0.0">
    <ignored/>
  </testcase> <!-- @AfterSuite ConfigAS -->
  <testcase classname="com.ninza.hrm.baseClass.BaseClass" name="@AfterSuite ConfigAS" time="0.0">
    <ignored/>
  </testcase> <!-- @AfterSuite ConfigAS -->
  <testcase classname="com.ninza.hrm.baseClass.BaseClass" name="@AfterSuite ConfigAS" time="0.0">
    <ignored/>
  </testcase> <!-- @AfterSuite ConfigAS -->
  <testcase classname="com.ninza.hrm.baseClass.BaseClass" name="@BeforeSuite ConfigBS" time="0.0">
    <ignored/>
  </testcase> <!-- @BeforeSuite ConfigBS -->
  <testcase classname="com.ninza.hrm.baseClass.BaseClass" name="@BeforeSuite ConfigBS" time="0.0">
    <ignored/>
  </testcase> <!-- @BeforeSuite ConfigBS -->
  <testcase classname="com.ninza.hrm.baseClass.BaseClass" name="@BeforeSuite ConfigBS" time="0.0">
    <ignored/>
  </testcase> <!-- @BeforeSuite ConfigBS -->
</testsuite> <!-- Test -->
