<?xml version="1.0" encoding="UTF-8"?>
<testng-results ignored="0" total="7" passed="7" failed="0" skipped="0">
  <reporter-output>
  </reporter-output>
  <suite started-at="2024-11-15T17:34:07 IST" name="Suite" finished-at="2024-11-15T17:34:11 IST" duration-ms="3693">
    <groups>
    </groups>
    <test started-at="2024-11-15T17:34:07 IST" name="Test" finished-at="2024-11-15T17:34:11 IST" duration-ms="3693">
      <class name="com.ninza.hrm.project.AddProject">
        <test-method is-config="true" signature="ConfigBS()[pri:0, instance:com.ninza.hrm.project.AddProject@2cd76f31]" started-at="2024-11-15T17:34:06 IST" name="ConfigBS" finished-at="2024-11-15T17:34:07 IST" duration-ms="1227" status="PASS">
          <reporter-output>
          </reporter-output>
        </test-method> <!-- ConfigBS -->
        <test-method signature="addProj()[pri:0, instance:com.ninza.hrm.project.AddProject@2cd76f31]" started-at="2024-11-15T17:34:08 IST" name="addProj" finished-at="2024-11-15T17:34:11 IST" duration-ms="3112" status="PASS">
          <reporter-output>
          </reporter-output>
        </test-method> <!-- addProj -->
        <test-method is-config="true" signature="ConfigAS()[pri:0, instance:com.ninza.hrm.project.AddProject@2cd76f31]" started-at="2024-11-15T17:34:11 IST" name="ConfigAS" finished-at="2024-11-15T17:34:11 IST" duration-ms="9" status="PASS">
          <reporter-output>
          </reporter-output>
        </test-method> <!-- ConfigAS -->
      </class> <!-- com.ninza.hrm.project.AddProject -->
      <class name="com.ninza.hrm.project.AddDuplicateProj">
        <test-method signature="addProj()[pri:0, instance:com.ninza.hrm.project.AddDuplicateProj@24aed80c]" started-at="2024-11-15T17:34:11 IST" name="addProj" finished-at="2024-11-15T17:34:11 IST" duration-ms="126" status="PASS">
          <reporter-output>
          </reporter-output>
        </test-method> <!-- addProj -->
        <test-method signature="addDupProj()[pri:0, instance:com.ninza.hrm.project.AddDuplicateProj@24aed80c]" started-at="2024-11-15T17:34:11 IST" name="addDupProj" finished-at="2024-11-15T17:34:11 IST" depends-on-methods="com.ninza.hrm.project.AddDuplicateProj.addProj" duration-ms="43" status="PASS">
          <reporter-output>
          </reporter-output>
        </test-method> <!-- addDupProj -->
      </class> <!-- com.ninza.hrm.project.AddDuplicateProj -->
      <class name="com.ninza.hrm.employee.NoEmail">
        <test-method signature="addProj()[pri:0, instance:com.ninza.hrm.employee.NoEmail@70325e14]" started-at="2024-11-15T17:34:11 IST" name="addProj" finished-at="2024-11-15T17:34:11 IST" duration-ms="41" status="PASS">
          <reporter-output>
          </reporter-output>
        </test-method> <!-- addProj -->
        <test-method signature="emptyEmail()[pri:0, instance:com.ninza.hrm.employee.NoEmail@70325e14]" started-at="2024-11-15T17:34:11 IST" name="emptyEmail" finished-at="2024-11-15T17:34:11 IST" depends-on-methods="com.ninza.hrm.employee.NoEmail.addProj" duration-ms="37" status="PASS">
          <reporter-output>
          </reporter-output>
        </test-method> <!-- emptyEmail -->
      </class> <!-- com.ninza.hrm.employee.NoEmail -->
      <class name="com.ninza.hrm.employee.AddEmployee">
        <test-method signature="addProj()[pri:0, instance:com.ninza.hrm.employee.AddEmployee@3a52dba3]" started-at="2024-11-15T17:34:11 IST" name="addProj" finished-at="2024-11-15T17:34:11 IST" duration-ms="47" status="PASS">
          <reporter-output>
          </reporter-output>
        </test-method> <!-- addProj -->
        <test-method signature="addEmployee()[pri:0, instance:com.ninza.hrm.employee.AddEmployee@3a52dba3]" started-at="2024-11-15T17:34:11 IST" name="addEmployee" finished-at="2024-11-15T17:34:11 IST" depends-on-methods="com.ninza.hrm.employee.AddEmployee.addProj" duration-ms="187" status="PASS">
          <reporter-output>
          </reporter-output>
        </test-method> <!-- addEmployee -->
      </class> <!-- com.ninza.hrm.employee.AddEmployee -->
    </test> <!-- Test -->
  </suite> <!-- Suite -->
</testng-results>
